2022-09-20 20:19:02,655 INFO org.springframework.boot.StartupInfoLogger [restartedMain] Starting DataProcessorApplication using Java 15.0.2 on LAPTOP-DMTJRAFI with PID 26464 (D:\Ogive\data-processor\target\classes started by Vishn in D:\Ogive\data-processor)
2022-09-20 20:19:02,659 INFO org.springframework.boot.SpringApplication [restartedMain] No active profile set, falling back to 1 default profile: "default"
2022-09-20 20:19:02,718 INFO org.springframework.boot.logging.DeferredLog [restartedMain] Devtools property defaults active! Set 'spring.devtools.add-properties' to 'false' to disable
2022-09-20 20:19:02,721 INFO org.springframework.boot.logging.DeferredLog [restartedMain] For additional web related logging consider setting the 'logging.level.web' property to 'DEBUG'
2022-09-20 20:19:03,546 INFO org.springframework.data.repository.config.RepositoryConfigurationDelegate [restartedMain] Bootstrapping Spring Data JPA repositories in DEFAULT mode.
2022-09-20 20:19:03,604 INFO org.springframework.data.repository.config.RepositoryConfigurationDelegate [restartedMain] Finished Spring Data repository scanning in 46 ms. Found 1 JPA repository interfaces.
2022-09-20 20:19:04,455 INFO org.springframework.boot.web.embedded.tomcat.TomcatWebServer [restartedMain] Tomcat initialized with port(s): 8090 (http)
2022-09-20 20:19:04,467 INFO org.apache.juli.logging.DirectJDKLog [restartedMain] Initializing ProtocolHandler ["http-nio-8090"]
2022-09-20 20:19:04,468 INFO org.apache.juli.logging.DirectJDKLog [restartedMain] Starting service [Tomcat]
2022-09-20 20:19:04,468 INFO org.apache.juli.logging.DirectJDKLog [restartedMain] Starting Servlet engine: [Apache Tomcat/9.0.65]
2022-09-20 20:19:04,933 INFO org.apache.juli.logging.DirectJDKLog [restartedMain] Initializing Spring embedded WebApplicationContext
2022-09-20 20:19:04,933 INFO org.springframework.boot.web.servlet.context.ServletWebServerApplicationContext [restartedMain] Root WebApplicationContext: initialization completed in 2211 ms
2022-09-20 20:19:05,167 INFO org.hibernate.jpa.internal.util.LogHelper [restartedMain] HHH000204: Processing PersistenceUnitInfo [name: default]
2022-09-20 20:19:05,234 INFO org.hibernate.Version [restartedMain] HHH000412: Hibernate ORM core version 5.6.10.Final
2022-09-20 20:19:05,436 INFO org.hibernate.annotations.common.reflection.java.JavaReflectionManager [restartedMain] HCANN000001: Hibernate Commons Annotations {5.1.2.Final}
2022-09-20 20:19:05,552 WARN com.zaxxer.hikari.HikariConfig [restartedMain] data-processorPool - maxLifetime is less than 30000ms, setting to default 1800000ms.
2022-09-20 20:19:05,553 INFO com.zaxxer.hikari.HikariDataSource [restartedMain] data-processorPool - Starting...
2022-09-20 20:19:05,816 INFO com.zaxxer.hikari.HikariDataSource [restartedMain] data-processorPool - Start completed.
2022-09-20 20:19:05,838 INFO org.hibernate.dialect.Dialect [restartedMain] HHH000400: Using dialect: org.hibernate.dialect.PostgreSQLDialect
2022-09-20 20:19:06,567 INFO org.hibernate.engine.transaction.jta.platform.internal.JtaPlatformInitiator [restartedMain] HHH000490: Using JtaPlatform implementation: [org.hibernate.engine.transaction.jta.platform.internal.NoJtaPlatform]
2022-09-20 20:19:06,575 INFO org.springframework.orm.jpa.AbstractEntityManagerFactoryBean [restartedMain] Initialized JPA EntityManagerFactory for persistence unit 'default'
2022-09-20 20:19:06,860 WARN org.springframework.boot.autoconfigure.orm.jpa.JpaBaseConfiguration$JpaWebConfiguration [restartedMain] spring.jpa.open-in-view is enabled by default. Therefore, database queries may be performed during view rendering. Explicitly configure spring.jpa.open-in-view to disable this warning
2022-09-20 20:19:07,172 INFO org.springframework.boot.devtools.autoconfigure.OptionalLiveReloadServer [restartedMain] LiveReload server is running on port 35729
2022-09-20 20:19:07,190 INFO org.apache.juli.logging.DirectJDKLog [restartedMain] Starting ProtocolHandler ["http-nio-8090"]
2022-09-20 20:19:07,221 INFO org.springframework.boot.web.embedded.tomcat.TomcatWebServer [restartedMain] Tomcat started on port(s): 8090 (http) with context path ''
2022-09-20 20:19:07,234 INFO org.springframework.boot.StartupInfoLogger [restartedMain] Started DataProcessorApplication in 4.94 seconds (JVM running for 6.679)
2022-09-20 20:26:42,076 INFO org.springframework.boot.devtools.autoconfigure.LocalDevToolsAutoConfiguration$RestartingClassPathChangeChangedEventListener [File Watcher] Restarting due to 1 class path change (0 additions, 0 deletions, 1 modification)
2022-09-20 20:26:42,154 INFO org.apache.juli.logging.DirectJDKLog [Thread-6] Pausing ProtocolHandler ["http-nio-8090"]
2022-09-20 20:26:42,155 INFO org.apache.juli.logging.DirectJDKLog [Thread-6] Stopping service [Tomcat]
2022-09-20 20:26:42,182 INFO org.apache.juli.logging.DirectJDKLog [Thread-6] Stopping ProtocolHandler ["http-nio-8090"]
2022-09-20 20:26:42,190 INFO org.apache.juli.logging.DirectJDKLog [Thread-6] Destroying ProtocolHandler ["http-nio-8090"]
2022-09-20 20:26:42,197 WARN org.springframework.beans.factory.annotation.InitDestroyAnnotationBeanPostProcessor [Thread-6] Destroy method on bean with name 'appConfig' threw an exception: org.springframework.beans.factory.BeanCreationNotAllowedException: Error creating bean with name 'fileSystemWatcher': Singleton bean creation not allowed while singletons of this factory are in destruction (Do not request a bean from a BeanFactory in a destroy method implementation!)
2022-09-20 20:26:42,199 INFO org.springframework.orm.jpa.AbstractEntityManagerFactoryBean [Thread-6] Closing JPA EntityManagerFactory for persistence unit 'default'
2022-09-20 20:26:42,213 INFO com.zaxxer.hikari.HikariDataSource [Thread-6] data-processorPool - Shutdown initiated...
2022-09-20 20:26:42,221 INFO com.zaxxer.hikari.HikariDataSource [Thread-6] data-processorPool - Shutdown completed.
2022-09-20 20:26:42,420 INFO org.springframework.boot.StartupInfoLogger [restartedMain] Starting DataProcessorApplication using Java 15.0.2 on LAPTOP-DMTJRAFI with PID 26464 (D:\Ogive\data-processor\target\classes started by Vishn in D:\Ogive\data-processor)
2022-09-20 20:26:42,422 INFO org.springframework.boot.SpringApplication [restartedMain] No active profile set, falling back to 1 default profile: "default"
2022-09-20 20:26:42,636 INFO org.springframework.data.repository.config.RepositoryConfigurationDelegate [restartedMain] Bootstrapping Spring Data JPA repositories in DEFAULT mode.
2022-09-20 20:26:42,645 INFO org.springframework.data.repository.config.RepositoryConfigurationDelegate [restartedMain] Finished Spring Data repository scanning in 7 ms. Found 1 JPA repository interfaces.
2022-09-20 20:26:42,775 INFO org.springframework.boot.web.embedded.tomcat.TomcatWebServer [restartedMain] Tomcat initialized with port(s): 8090 (http)
2022-09-20 20:26:42,775 INFO org.apache.juli.logging.DirectJDKLog [restartedMain] Initializing ProtocolHandler ["http-nio-8090"]
2022-09-20 20:26:42,776 INFO org.apache.juli.logging.DirectJDKLog [restartedMain] Starting service [Tomcat]
2022-09-20 20:26:42,776 INFO org.apache.juli.logging.DirectJDKLog [restartedMain] Starting Servlet engine: [Apache Tomcat/9.0.65]
2022-09-20 20:26:42,802 INFO org.apache.juli.logging.DirectJDKLog [restartedMain] Initializing Spring embedded WebApplicationContext
2022-09-20 20:26:42,802 INFO org.springframework.boot.web.servlet.context.ServletWebServerApplicationContext [restartedMain] Root WebApplicationContext: initialization completed in 375 ms
2022-09-20 20:26:42,824 INFO org.hibernate.jpa.internal.util.LogHelper [restartedMain] HHH000204: Processing PersistenceUnitInfo [name: default]
2022-09-20 20:26:42,827 WARN com.zaxxer.hikari.HikariConfig [restartedMain] data-processorPool - maxLifetime is less than 30000ms, setting to default 1800000ms.
2022-09-20 20:26:42,827 INFO com.zaxxer.hikari.HikariDataSource [restartedMain] data-processorPool - Starting...
2022-09-20 20:26:42,892 INFO com.zaxxer.hikari.HikariDataSource [restartedMain] data-processorPool - Start completed.
2022-09-20 20:26:42,893 INFO org.hibernate.dialect.Dialect [restartedMain] HHH000400: Using dialect: org.hibernate.dialect.PostgreSQLDialect
2022-09-20 20:26:42,931 INFO org.hibernate.engine.transaction.jta.platform.internal.JtaPlatformInitiator [restartedMain] HHH000490: Using JtaPlatform implementation: [org.hibernate.engine.transaction.jta.platform.internal.NoJtaPlatform]
2022-09-20 20:26:42,931 INFO org.springframework.orm.jpa.AbstractEntityManagerFactoryBean [restartedMain] Initialized JPA EntityManagerFactory for persistence unit 'default'
2022-09-20 20:26:42,996 WARN org.springframework.boot.autoconfigure.orm.jpa.JpaBaseConfiguration$JpaWebConfiguration [restartedMain] spring.jpa.open-in-view is enabled by default. Therefore, database queries may be performed during view rendering. Explicitly configure spring.jpa.open-in-view to disable this warning
2022-09-20 20:26:43,072 INFO org.springframework.boot.devtools.autoconfigure.OptionalLiveReloadServer [restartedMain] LiveReload server is running on port 35729
2022-09-20 20:26:43,081 INFO org.apache.juli.logging.DirectJDKLog [restartedMain] Starting ProtocolHandler ["http-nio-8090"]
2022-09-20 20:26:43,082 INFO org.springframework.boot.web.embedded.tomcat.TomcatWebServer [restartedMain] Tomcat started on port(s): 8090 (http) with context path ''
2022-09-20 20:26:43,087 INFO org.springframework.boot.StartupInfoLogger [restartedMain] Started DataProcessorApplication in 0.726 seconds (JVM running for 462.532)
2022-09-20 20:26:43,089 INFO org.springframework.boot.devtools.autoconfigure.ConditionEvaluationDeltaLoggingListener [restartedMain] Condition evaluation unchanged
2022-09-20 20:27:52,734 INFO org.springframework.boot.devtools.autoconfigure.LocalDevToolsAutoConfiguration$RestartingClassPathChangeChangedEventListener [File Watcher] Restarting due to 1 class path change (0 additions, 0 deletions, 1 modification)
2022-09-20 20:27:52,752 INFO org.apache.juli.logging.DirectJDKLog [Thread-8] Pausing ProtocolHandler ["http-nio-8090"]
2022-09-20 20:27:52,752 INFO org.apache.juli.logging.DirectJDKLog [Thread-8] Stopping service [Tomcat]
2022-09-20 20:27:52,753 INFO org.apache.juli.logging.DirectJDKLog [Thread-8] Stopping ProtocolHandler ["http-nio-8090"]
2022-09-20 20:27:52,755 INFO org.apache.juli.logging.DirectJDKLog [Thread-8] Destroying ProtocolHandler ["http-nio-8090"]
2022-09-20 20:27:52,756 WARN org.springframework.beans.factory.annotation.InitDestroyAnnotationBeanPostProcessor [Thread-8] Destroy method on bean with name 'appConfig' threw an exception: org.springframework.beans.factory.BeanCreationNotAllowedException: Error creating bean with name 'fileSystemWatcher': Singleton bean creation not allowed while singletons of this factory are in destruction (Do not request a bean from a BeanFactory in a destroy method implementation!)
2022-09-20 20:27:52,757 INFO org.springframework.orm.jpa.AbstractEntityManagerFactoryBean [Thread-8] Closing JPA EntityManagerFactory for persistence unit 'default'
2022-09-20 20:27:52,757 INFO com.zaxxer.hikari.HikariDataSource [Thread-8] data-processorPool - Shutdown initiated...
2022-09-20 20:27:52,759 INFO com.zaxxer.hikari.HikariDataSource [Thread-8] data-processorPool - Shutdown completed.
2022-09-20 20:27:52,818 INFO org.springframework.boot.StartupInfoLogger [restartedMain] Starting DataProcessorApplication using Java 15.0.2 on LAPTOP-DMTJRAFI with PID 26464 (D:\Ogive\data-processor\target\classes started by Vishn in D:\Ogive\data-processor)
2022-09-20 20:27:52,818 INFO org.springframework.boot.SpringApplication [restartedMain] No active profile set, falling back to 1 default profile: "default"
2022-09-20 20:27:52,909 INFO org.springframework.data.repository.config.RepositoryConfigurationDelegate [restartedMain] Bootstrapping Spring Data JPA repositories in DEFAULT mode.
2022-09-20 20:27:52,914 INFO org.springframework.data.repository.config.RepositoryConfigurationDelegate [restartedMain] Finished Spring Data repository scanning in 4 ms. Found 1 JPA repository interfaces.
2022-09-20 20:27:53,008 INFO org.springframework.boot.web.embedded.tomcat.TomcatWebServer [restartedMain] Tomcat initialized with port(s): 8090 (http)
2022-09-20 20:27:53,009 INFO org.apache.juli.logging.DirectJDKLog [restartedMain] Initializing ProtocolHandler ["http-nio-8090"]
2022-09-20 20:27:53,009 INFO org.apache.juli.logging.DirectJDKLog [restartedMain] Starting service [Tomcat]
2022-09-20 20:27:53,010 INFO org.apache.juli.logging.DirectJDKLog [restartedMain] Starting Servlet engine: [Apache Tomcat/9.0.65]
2022-09-20 20:27:53,037 INFO org.apache.juli.logging.DirectJDKLog [restartedMain] Initializing Spring embedded WebApplicationContext
2022-09-20 20:27:53,037 INFO org.springframework.boot.web.servlet.context.ServletWebServerApplicationContext [restartedMain] Root WebApplicationContext: initialization completed in 216 ms
2022-09-20 20:27:53,062 INFO org.hibernate.jpa.internal.util.LogHelper [restartedMain] HHH000204: Processing PersistenceUnitInfo [name: default]
2022-09-20 20:27:53,065 WARN com.zaxxer.hikari.HikariConfig [restartedMain] data-processorPool - maxLifetime is less than 30000ms, setting to default 1800000ms.
2022-09-20 20:27:53,065 INFO com.zaxxer.hikari.HikariDataSource [restartedMain] data-processorPool - Starting...
2022-09-20 20:27:53,122 INFO com.zaxxer.hikari.HikariDataSource [restartedMain] data-processorPool - Start completed.
2022-09-20 20:27:53,122 INFO org.hibernate.dialect.Dialect [restartedMain] HHH000400: Using dialect: org.hibernate.dialect.PostgreSQLDialect
2022-09-20 20:27:53,158 INFO org.hibernate.engine.transaction.jta.platform.internal.JtaPlatformInitiator [restartedMain] HHH000490: Using JtaPlatform implementation: [org.hibernate.engine.transaction.jta.platform.internal.NoJtaPlatform]
2022-09-20 20:27:53,158 INFO org.springframework.orm.jpa.AbstractEntityManagerFactoryBean [restartedMain] Initialized JPA EntityManagerFactory for persistence unit 'default'
2022-09-20 20:27:53,207 WARN org.springframework.boot.autoconfigure.orm.jpa.JpaBaseConfiguration$JpaWebConfiguration [restartedMain] spring.jpa.open-in-view is enabled by default. Therefore, database queries may be performed during view rendering. Explicitly configure spring.jpa.open-in-view to disable this warning
2022-09-20 20:27:53,276 INFO org.springframework.boot.devtools.autoconfigure.OptionalLiveReloadServer [restartedMain] LiveReload server is running on port 35729
2022-09-20 20:27:53,283 INFO org.apache.juli.logging.DirectJDKLog [restartedMain] Starting ProtocolHandler ["http-nio-8090"]
2022-09-20 20:27:53,287 INFO org.springframework.boot.web.embedded.tomcat.TomcatWebServer [restartedMain] Tomcat started on port(s): 8090 (http) with context path ''
2022-09-20 20:27:53,292 INFO org.springframework.boot.StartupInfoLogger [restartedMain] Started DataProcessorApplication in 0.493 seconds (JVM running for 532.737)
2022-09-20 20:27:53,294 INFO org.springframework.boot.devtools.autoconfigure.ConditionEvaluationDeltaLoggingListener [restartedMain] Condition evaluation unchanged
2022-09-20 20:28:53,677 INFO org.springframework.boot.devtools.autoconfigure.LocalDevToolsAutoConfiguration$RestartingClassPathChangeChangedEventListener [File Watcher] Restarting due to 1 class path change (0 additions, 0 deletions, 1 modification)
2022-09-20 20:28:53,706 INFO org.apache.juli.logging.DirectJDKLog [Thread-13] Pausing ProtocolHandler ["http-nio-8090"]
2022-09-20 20:28:53,707 INFO org.apache.juli.logging.DirectJDKLog [Thread-13] Stopping service [Tomcat]
2022-09-20 20:28:53,708 INFO org.apache.juli.logging.DirectJDKLog [Thread-13] Stopping ProtocolHandler ["http-nio-8090"]
2022-09-20 20:28:53,710 INFO org.apache.juli.logging.DirectJDKLog [Thread-13] Destroying ProtocolHandler ["http-nio-8090"]
2022-09-20 20:28:53,712 WARN org.springframework.beans.factory.annotation.InitDestroyAnnotationBeanPostProcessor [Thread-13] Destroy method on bean with name 'appConfig' threw an exception: org.springframework.beans.factory.BeanCreationNotAllowedException: Error creating bean with name 'fileSystemWatcher': Singleton bean creation not allowed while singletons of this factory are in destruction (Do not request a bean from a BeanFactory in a destroy method implementation!)
2022-09-20 20:28:53,712 INFO org.springframework.orm.jpa.AbstractEntityManagerFactoryBean [Thread-13] Closing JPA EntityManagerFactory for persistence unit 'default'
2022-09-20 20:28:53,713 INFO com.zaxxer.hikari.HikariDataSource [Thread-13] data-processorPool - Shutdown initiated...
2022-09-20 20:28:53,715 INFO com.zaxxer.hikari.HikariDataSource [Thread-13] data-processorPool - Shutdown completed.
2022-09-20 20:28:53,782 INFO org.springframework.boot.StartupInfoLogger [restartedMain] Starting DataProcessorApplication using Java 15.0.2 on LAPTOP-DMTJRAFI with PID 26464 (D:\Ogive\data-processor\target\classes started by Vishn in D:\Ogive\data-processor)
2022-09-20 20:28:53,783 INFO org.springframework.boot.SpringApplication [restartedMain] No active profile set, falling back to 1 default profile: "default"
2022-09-20 20:28:53,872 INFO org.springframework.data.repository.config.RepositoryConfigurationDelegate [restartedMain] Bootstrapping Spring Data JPA repositories in DEFAULT mode.
2022-09-20 20:28:53,876 INFO org.springframework.data.repository.config.RepositoryConfigurationDelegate [restartedMain] Finished Spring Data repository scanning in 4 ms. Found 1 JPA repository interfaces.
2022-09-20 20:28:53,973 INFO org.springframework.boot.web.embedded.tomcat.TomcatWebServer [restartedMain] Tomcat initialized with port(s): 8090 (http)
2022-09-20 20:28:53,974 INFO org.apache.juli.logging.DirectJDKLog [restartedMain] Initializing ProtocolHandler ["http-nio-8090"]
2022-09-20 20:28:53,974 INFO org.apache.juli.logging.DirectJDKLog [restartedMain] Starting service [Tomcat]
2022-09-20 20:28:53,974 INFO org.apache.juli.logging.DirectJDKLog [restartedMain] Starting Servlet engine: [Apache Tomcat/9.0.65]
2022-09-20 20:28:53,999 INFO org.apache.juli.logging.DirectJDKLog [restartedMain] Initializing Spring embedded WebApplicationContext
2022-09-20 20:28:53,999 INFO org.springframework.boot.web.servlet.context.ServletWebServerApplicationContext [restartedMain] Root WebApplicationContext: initialization completed in 214 ms
2022-09-20 20:28:54,023 INFO org.hibernate.jpa.internal.util.LogHelper [restartedMain] HHH000204: Processing PersistenceUnitInfo [name: default]
2022-09-20 20:28:54,025 WARN com.zaxxer.hikari.HikariConfig [restartedMain] data-processorPool - maxLifetime is less than 30000ms, setting to default 1800000ms.
2022-09-20 20:28:54,025 INFO com.zaxxer.hikari.HikariDataSource [restartedMain] data-processorPool - Starting...
2022-09-20 20:28:54,075 INFO com.zaxxer.hikari.HikariDataSource [restartedMain] data-processorPool - Start completed.
2022-09-20 20:28:54,076 INFO org.hibernate.dialect.Dialect [restartedMain] HHH000400: Using dialect: org.hibernate.dialect.PostgreSQLDialect
2022-09-20 20:28:54,107 INFO org.hibernate.engine.transaction.jta.platform.internal.JtaPlatformInitiator [restartedMain] HHH000490: Using JtaPlatform implementation: [org.hibernate.engine.transaction.jta.platform.internal.NoJtaPlatform]
2022-09-20 20:28:54,108 INFO org.springframework.orm.jpa.AbstractEntityManagerFactoryBean [restartedMain] Initialized JPA EntityManagerFactory for persistence unit 'default'
2022-09-20 20:28:54,159 WARN org.springframework.boot.autoconfigure.orm.jpa.JpaBaseConfiguration$JpaWebConfiguration [restartedMain] spring.jpa.open-in-view is enabled by default. Therefore, database queries may be performed during view rendering. Explicitly configure spring.jpa.open-in-view to disable this warning
2022-09-20 20:28:54,223 INFO org.springframework.boot.devtools.autoconfigure.OptionalLiveReloadServer [restartedMain] LiveReload server is running on port 35729
2022-09-20 20:28:54,229 INFO org.apache.juli.logging.DirectJDKLog [restartedMain] Starting ProtocolHandler ["http-nio-8090"]
2022-09-20 20:28:54,231 INFO org.springframework.boot.web.embedded.tomcat.TomcatWebServer [restartedMain] Tomcat started on port(s): 8090 (http) with context path ''
2022-09-20 20:28:54,235 INFO org.springframework.boot.StartupInfoLogger [restartedMain] Started DataProcessorApplication in 0.48 seconds (JVM running for 593.681)
2022-09-20 20:28:54,237 INFO org.springframework.boot.devtools.autoconfigure.ConditionEvaluationDeltaLoggingListener [restartedMain] Condition evaluation unchanged
2022-09-20 20:29:22,498 INFO org.springframework.boot.admin.SpringApplicationAdminMXBeanRegistrar$SpringApplicationAdmin [RMI TCP Connection(29)-127.0.0.1] Application shutdown requested.
2022-09-20 20:29:22,508 INFO org.apache.juli.logging.DirectJDKLog [RMI TCP Connection(29)-127.0.0.1] Pausing ProtocolHandler ["http-nio-8090"]
2022-09-20 20:29:22,508 INFO org.apache.juli.logging.DirectJDKLog [RMI TCP Connection(29)-127.0.0.1] Stopping service [Tomcat]
2022-09-20 20:29:22,511 INFO org.apache.juli.logging.DirectJDKLog [RMI TCP Connection(29)-127.0.0.1] Stopping ProtocolHandler ["http-nio-8090"]
2022-09-20 20:29:22,512 INFO org.apache.juli.logging.DirectJDKLog [RMI TCP Connection(29)-127.0.0.1] Destroying ProtocolHandler ["http-nio-8090"]
2022-09-20 20:29:22,513 WARN org.springframework.beans.factory.annotation.InitDestroyAnnotationBeanPostProcessor [RMI TCP Connection(29)-127.0.0.1] Destroy method on bean with name 'appConfig' threw an exception: org.springframework.beans.factory.BeanCreationNotAllowedException: Error creating bean with name 'fileSystemWatcher': Singleton bean creation not allowed while singletons of this factory are in destruction (Do not request a bean from a BeanFactory in a destroy method implementation!)
2022-09-20 20:29:22,513 INFO org.springframework.orm.jpa.AbstractEntityManagerFactoryBean [RMI TCP Connection(29)-127.0.0.1] Closing JPA EntityManagerFactory for persistence unit 'default'
2022-09-20 20:29:22,514 INFO com.zaxxer.hikari.HikariDataSource [RMI TCP Connection(29)-127.0.0.1] data-processorPool - Shutdown initiated...
2022-09-20 20:29:22,515 INFO com.zaxxer.hikari.HikariDataSource [RMI TCP Connection(29)-127.0.0.1] data-processorPool - Shutdown completed.
