2022-09-16 18:38:41,980 INFO org.springframework.test.context.support.AbstractTestContextBootstrapper [main] Neither @ContextConfiguration nor @ContextHierarchy found for test class [com.ogivetechnology.processor.DataProcessorApplicationTests], using SpringBootContextLoader
2022-09-16 18:38:41,986 INFO org.springframework.test.context.support.AbstractContextLoader [main] Could not detect default resource locations for test class [com.ogivetechnology.processor.DataProcessorApplicationTests]: no resource found for suffixes {-context.xml, Context.groovy}.
2022-09-16 18:38:41,988 INFO org.springframework.test.context.support.AnnotationConfigContextLoaderUtils [main] Could not detect default configuration classes for test class [com.ogivetechnology.processor.DataProcessorApplicationTests]: DataProcessorApplicationTests does not declare any static, non-private, non-final, nested classes annotated with @Configuration.
2022-09-16 18:38:42,102 INFO org.springframework.boot.test.context.SpringBootTestContextBootstrapper [main] Found @SpringBootConfiguration com.ogivetechnology.processor.DataProcessorApplication for test class com.ogivetechnology.processor.DataProcessorApplicationTests
2022-09-16 18:38:42,220 INFO org.springframework.test.context.support.AbstractTestContextBootstrapper [main] Loaded default TestExecutionListener class names from location [META-INF/spring.factories]: [org.springframework.boot.test.mock.mockito.MockitoTestExecutionListener, org.springframework.boot.test.mock.mockito.ResetMocksTestExecutionListener, org.springframework.boot.test.autoconfigure.restdocs.RestDocsTestExecutionListener, org.springframework.boot.test.autoconfigure.web.client.MockRestServiceServerResetTestExecutionListener, org.springframework.boot.test.autoconfigure.web.servlet.MockMvcPrintOnlyOnFailureTestExecutionListener, org.springframework.boot.test.autoconfigure.web.servlet.WebDriverTestExecutionListener, org.springframework.boot.test.autoconfigure.webservices.client.MockWebServiceServerTestExecutionListener, org.springframework.test.context.web.ServletTestExecutionListener, org.springframework.test.context.support.DirtiesContextBeforeModesTestExecutionListener, org.springframework.test.context.event.ApplicationEventsTestExecutionListener, org.springframework.test.context.support.DependencyInjectionTestExecutionListener, org.springframework.test.context.support.DirtiesContextTestExecutionListener, org.springframework.test.context.transaction.TransactionalTestExecutionListener, org.springframework.test.context.jdbc.SqlScriptsTestExecutionListener, org.springframework.test.context.event.EventPublishingTestExecutionListener]
2022-09-16 18:38:42,246 INFO org.springframework.test.context.support.AbstractTestContextBootstrapper [main] Using TestExecutionListeners: [org.springframework.test.context.web.ServletTestExecutionListener@ec0c838, org.springframework.test.context.support.DirtiesContextBeforeModesTestExecutionListener@6e46d9f4, org.springframework.test.context.event.ApplicationEventsTestExecutionListener@5cc69cfe, org.springframework.boot.test.mock.mockito.MockitoTestExecutionListener@29cfd92b, org.springframework.boot.test.autoconfigure.SpringBootDependencyInjectionTestExecutionListener@21c64522, org.springframework.test.context.support.DirtiesContextTestExecutionListener@7997b197, org.springframework.test.context.transaction.TransactionalTestExecutionListener@11dee337, org.springframework.test.context.jdbc.SqlScriptsTestExecutionListener@460f76a6, org.springframework.test.context.event.EventPublishingTestExecutionListener@55f3c410, org.springframework.boot.test.mock.mockito.ResetMocksTestExecutionListener@11acdc30, org.springframework.boot.test.autoconfigure.restdocs.RestDocsTestExecutionListener@770d4269, org.springframework.boot.test.autoconfigure.web.client.MockRestServiceServerResetTestExecutionListener@4a8ab068, org.springframework.boot.test.autoconfigure.web.servlet.MockMvcPrintOnlyOnFailureTestExecutionListener@1922e6d, org.springframework.boot.test.autoconfigure.web.servlet.WebDriverTestExecutionListener@76a82f33, org.springframework.boot.test.autoconfigure.webservices.client.MockWebServiceServerTestExecutionListener@6bab2585]
2022-09-16 18:38:42,547 INFO org.springframework.boot.StartupInfoLogger [main] Starting DataProcessorApplicationTests using Java 15.0.2 on LAPTOP-DMTJRAFI with PID 5480 (started by Vishn in D:\Ogive\data-processor)
2022-09-16 18:38:42,548 INFO org.springframework.boot.SpringApplication [main] No active profile set, falling back to 1 default profile: "default"
2022-09-16 18:38:43,041 INFO org.springframework.data.repository.config.RepositoryConfigurationDelegate [main] Bootstrapping Spring Data JPA repositories in DEFAULT mode.
2022-09-16 18:38:43,093 INFO org.springframework.data.repository.config.RepositoryConfigurationDelegate [main] Finished Spring Data repository scanning in 43 ms. Found 1 JPA repository interfaces.
2022-09-16 18:38:43,784 INFO org.hibernate.jpa.internal.util.LogHelper [main] HHH000204: Processing PersistenceUnitInfo [name: default]
2022-09-16 18:38:43,860 INFO org.hibernate.Version [main] HHH000412: Hibernate ORM core version 5.6.10.Final
2022-09-16 18:38:43,999 INFO org.hibernate.annotations.common.reflection.java.JavaReflectionManager [main] HCANN000001: Hibernate Commons Annotations {5.1.2.Final}
2022-09-16 18:38:44,167 INFO com.zaxxer.hikari.HikariDataSource [main] HikariPool-1 - Starting...
2022-09-16 18:38:44,449 INFO com.zaxxer.hikari.HikariDataSource [main] HikariPool-1 - Start completed.
2022-09-16 18:38:44,472 INFO org.hibernate.dialect.Dialect [main] HHH000400: Using dialect: org.hibernate.dialect.PostgreSQLDialect
2022-09-16 18:38:45,274 INFO org.hibernate.engine.transaction.jta.platform.internal.JtaPlatformInitiator [main] HHH000490: Using JtaPlatform implementation: [org.hibernate.engine.transaction.jta.platform.internal.NoJtaPlatform]
2022-09-16 18:38:45,283 INFO org.springframework.orm.jpa.AbstractEntityManagerFactoryBean [main] Initialized JPA EntityManagerFactory for persistence unit 'default'
2022-09-16 18:38:45,936 WARN org.springframework.boot.autoconfigure.orm.jpa.JpaBaseConfiguration$JpaWebConfiguration [main] spring.jpa.open-in-view is enabled by default. Therefore, database queries may be performed during view rendering. Explicitly configure spring.jpa.open-in-view to disable this warning
2022-09-16 18:38:46,629 INFO org.springframework.boot.StartupInfoLogger [main] Started DataProcessorApplicationTests in 4.335 seconds (JVM running for 5.561)
2022-09-16 18:38:46,972 WARN org.springframework.beans.factory.annotation.InitDestroyAnnotationBeanPostProcessor [SpringApplicationShutdownHook] Destroy method on bean with name 'appConfig' threw an exception: org.springframework.beans.factory.BeanCreationNotAllowedException: Error creating bean with name 'fileSystemWatcher': Singleton bean creation not allowed while singletons of this factory are in destruction (Do not request a bean from a BeanFactory in a destroy method implementation!)
2022-09-16 18:38:46,973 INFO org.springframework.orm.jpa.AbstractEntityManagerFactoryBean [SpringApplicationShutdownHook] Closing JPA EntityManagerFactory for persistence unit 'default'
2022-09-16 18:38:46,974 INFO com.zaxxer.hikari.HikariDataSource [SpringApplicationShutdownHook] HikariPool-1 - Shutdown initiated...
2022-09-16 18:38:46,980 INFO com.zaxxer.hikari.HikariDataSource [SpringApplicationShutdownHook] HikariPool-1 - Shutdown completed.
2022-09-16 18:41:26,014 INFO org.springframework.test.context.support.AbstractTestContextBootstrapper [main] Neither @ContextConfiguration nor @ContextHierarchy found for test class [com.ogivetechnology.processor.DataProcessorApplicationTests], using SpringBootContextLoader
2022-09-16 18:41:26,158 INFO org.springframework.test.context.support.AbstractContextLoader [main] Could not detect default resource locations for test class [com.ogivetechnology.processor.DataProcessorApplicationTests]: no resource found for suffixes {-context.xml, Context.groovy}.
2022-09-16 18:41:26,158 INFO org.springframework.test.context.support.AnnotationConfigContextLoaderUtils [main] Could not detect default configuration classes for test class [com.ogivetechnology.processor.DataProcessorApplicationTests]: DataProcessorApplicationTests does not declare any static, non-private, non-final, nested classes annotated with @Configuration.
2022-09-16 18:41:26,917 INFO org.springframework.boot.test.context.SpringBootTestContextBootstrapper [main] Found @SpringBootConfiguration com.ogivetechnology.processor.DataProcessorApplication for test class com.ogivetechnology.processor.DataProcessorApplicationTests
2022-09-16 18:41:27,026 INFO org.springframework.test.context.support.AbstractTestContextBootstrapper [main] Loaded default TestExecutionListener class names from location [META-INF/spring.factories]: [org.springframework.boot.test.mock.mockito.MockitoTestExecutionListener, org.springframework.boot.test.mock.mockito.ResetMocksTestExecutionListener, org.springframework.boot.test.autoconfigure.restdocs.RestDocsTestExecutionListener, org.springframework.boot.test.autoconfigure.web.client.MockRestServiceServerResetTestExecutionListener, org.springframework.boot.test.autoconfigure.web.servlet.MockMvcPrintOnlyOnFailureTestExecutionListener, org.springframework.boot.test.autoconfigure.web.servlet.WebDriverTestExecutionListener, org.springframework.boot.test.autoconfigure.webservices.client.MockWebServiceServerTestExecutionListener, org.springframework.test.context.web.ServletTestExecutionListener, org.springframework.test.context.support.DirtiesContextBeforeModesTestExecutionListener, org.springframework.test.context.event.ApplicationEventsTestExecutionListener, org.springframework.test.context.support.DependencyInjectionTestExecutionListener, org.springframework.test.context.support.DirtiesContextTestExecutionListener, org.springframework.test.context.transaction.TransactionalTestExecutionListener, org.springframework.test.context.jdbc.SqlScriptsTestExecutionListener, org.springframework.test.context.event.EventPublishingTestExecutionListener]
2022-09-16 18:41:27,048 INFO org.springframework.test.context.support.AbstractTestContextBootstrapper [main] Using TestExecutionListeners: [org.springframework.test.context.web.ServletTestExecutionListener@29cfd92b, org.springframework.test.context.support.DirtiesContextBeforeModesTestExecutionListener@21c64522, org.springframework.test.context.event.ApplicationEventsTestExecutionListener@7997b197, org.springframework.boot.test.mock.mockito.MockitoTestExecutionListener@11dee337, org.springframework.boot.test.autoconfigure.SpringBootDependencyInjectionTestExecutionListener@460f76a6, org.springframework.test.context.support.DirtiesContextTestExecutionListener@55f3c410, org.springframework.test.context.transaction.TransactionalTestExecutionListener@11acdc30, org.springframework.test.context.jdbc.SqlScriptsTestExecutionListener@770d4269, org.springframework.test.context.event.EventPublishingTestExecutionListener@4a8ab068, org.springframework.boot.test.mock.mockito.ResetMocksTestExecutionListener@1922e6d, org.springframework.boot.test.autoconfigure.restdocs.RestDocsTestExecutionListener@76a82f33, org.springframework.boot.test.autoconfigure.web.client.MockRestServiceServerResetTestExecutionListener@6bab2585, org.springframework.boot.test.autoconfigure.web.servlet.MockMvcPrintOnlyOnFailureTestExecutionListener@74bdc168, org.springframework.boot.test.autoconfigure.web.servlet.WebDriverTestExecutionListener@644c78d4, org.springframework.boot.test.autoconfigure.webservices.client.MockWebServiceServerTestExecutionListener@532a02d9]
2022-09-16 18:41:27,413 INFO org.springframework.boot.StartupInfoLogger [main] Starting DataProcessorApplicationTests using Java 15.0.2 on LAPTOP-DMTJRAFI with PID 16888 (started by Vishn in D:\Ogive\data-processor)
2022-09-16 18:41:27,414 INFO org.springframework.boot.SpringApplication [main] No active profile set, falling back to 1 default profile: "default"
2022-09-16 18:41:27,953 INFO org.springframework.data.repository.config.RepositoryConfigurationDelegate [main] Bootstrapping Spring Data JPA repositories in DEFAULT mode.
2022-09-16 18:41:28,012 INFO org.springframework.data.repository.config.RepositoryConfigurationDelegate [main] Finished Spring Data repository scanning in 47 ms. Found 1 JPA repository interfaces.
2022-09-16 18:41:28,782 INFO org.hibernate.jpa.internal.util.LogHelper [main] HHH000204: Processing PersistenceUnitInfo [name: default]
2022-09-16 18:41:28,864 INFO org.hibernate.Version [main] HHH000412: Hibernate ORM core version 5.6.10.Final
2022-09-16 18:41:29,015 INFO org.hibernate.annotations.common.reflection.java.JavaReflectionManager [main] HCANN000001: Hibernate Commons Annotations {5.1.2.Final}
2022-09-16 18:41:29,204 INFO com.zaxxer.hikari.HikariDataSource [main] HikariPool-1 - Starting...
2022-09-16 18:41:29,526 INFO com.zaxxer.hikari.HikariDataSource [main] HikariPool-1 - Start completed.
2022-09-16 18:41:29,550 INFO org.hibernate.dialect.Dialect [main] HHH000400: Using dialect: org.hibernate.dialect.PostgreSQLDialect
2022-09-16 18:41:30,397 INFO org.hibernate.engine.transaction.jta.platform.internal.JtaPlatformInitiator [main] HHH000490: Using JtaPlatform implementation: [org.hibernate.engine.transaction.jta.platform.internal.NoJtaPlatform]
2022-09-16 18:41:30,407 INFO org.springframework.orm.jpa.AbstractEntityManagerFactoryBean [main] Initialized JPA EntityManagerFactory for persistence unit 'default'
2022-09-16 18:41:31,111 WARN org.springframework.boot.autoconfigure.orm.jpa.JpaBaseConfiguration$JpaWebConfiguration [main] spring.jpa.open-in-view is enabled by default. Therefore, database queries may be performed during view rendering. Explicitly configure spring.jpa.open-in-view to disable this warning
2022-09-16 18:41:31,886 INFO org.springframework.boot.StartupInfoLogger [main] Started DataProcessorApplicationTests in 4.796 seconds (JVM running for 7.279)
2022-09-16 18:41:32,204 WARN org.springframework.beans.factory.annotation.InitDestroyAnnotationBeanPostProcessor [SpringApplicationShutdownHook] Destroy method on bean with name 'appConfig' threw an exception: org.springframework.beans.factory.BeanCreationNotAllowedException: Error creating bean with name 'fileSystemWatcher': Singleton bean creation not allowed while singletons of this factory are in destruction (Do not request a bean from a BeanFactory in a destroy method implementation!)
2022-09-16 18:41:32,204 INFO org.springframework.orm.jpa.AbstractEntityManagerFactoryBean [SpringApplicationShutdownHook] Closing JPA EntityManagerFactory for persistence unit 'default'
2022-09-16 18:41:32,207 INFO com.zaxxer.hikari.HikariDataSource [SpringApplicationShutdownHook] HikariPool-1 - Shutdown initiated...
2022-09-16 18:41:32,222 INFO com.zaxxer.hikari.HikariDataSource [SpringApplicationShutdownHook] HikariPool-1 - Shutdown completed.
2022-09-16 18:42:06,207 INFO org.springframework.boot.StartupInfoLogger [restartedMain] Starting DataProcessorApplication using Java 15.0.2 on LAPTOP-DMTJRAFI with PID 7868 (D:\Ogive\data-processor\target\classes started by Vishn in D:\Ogive\data-processor)
2022-09-16 18:42:06,210 INFO org.springframework.boot.SpringApplication [restartedMain] No active profile set, falling back to 1 default profile: "default"
2022-09-16 18:42:06,252 INFO org.springframework.boot.logging.DeferredLog [restartedMain] Devtools property defaults active! Set 'spring.devtools.add-properties' to 'false' to disable
2022-09-16 18:42:06,252 INFO org.springframework.boot.logging.DeferredLog [restartedMain] For additional web related logging consider setting the 'logging.level.web' property to 'DEBUG'
2022-09-16 18:42:06,577 INFO org.springframework.data.repository.config.RepositoryConfigurationDelegate [restartedMain] Bootstrapping Spring Data JPA repositories in DEFAULT mode.
2022-09-16 18:42:06,609 INFO org.springframework.data.repository.config.RepositoryConfigurationDelegate [restartedMain] Finished Spring Data repository scanning in 25 ms. Found 1 JPA repository interfaces.
2022-09-16 18:42:07,273 INFO org.springframework.boot.web.embedded.tomcat.TomcatWebServer [restartedMain] Tomcat initialized with port(s): 8090 (http)
2022-09-16 18:42:07,284 INFO org.apache.juli.logging.DirectJDKLog [restartedMain] Initializing ProtocolHandler ["http-nio-8090"]
2022-09-16 18:42:07,286 INFO org.apache.juli.logging.DirectJDKLog [restartedMain] Starting service [Tomcat]
2022-09-16 18:42:07,286 INFO org.apache.juli.logging.DirectJDKLog [restartedMain] Starting Servlet engine: [Apache Tomcat/9.0.65]
2022-09-16 18:42:07,494 INFO org.apache.juli.logging.DirectJDKLog [restartedMain] Initializing Spring embedded WebApplicationContext
2022-09-16 18:42:07,494 INFO org.springframework.boot.web.servlet.context.ServletWebServerApplicationContext [restartedMain] Root WebApplicationContext: initialization completed in 1241 ms
2022-09-16 18:42:07,649 INFO org.hibernate.jpa.internal.util.LogHelper [restartedMain] HHH000204: Processing PersistenceUnitInfo [name: default]
2022-09-16 18:42:07,693 INFO org.hibernate.Version [restartedMain] HHH000412: Hibernate ORM core version 5.6.10.Final
2022-09-16 18:42:07,854 INFO org.hibernate.annotations.common.reflection.java.JavaReflectionManager [restartedMain] HCANN000001: Hibernate Commons Annotations {5.1.2.Final}
2022-09-16 18:42:07,946 INFO com.zaxxer.hikari.HikariDataSource [restartedMain] HikariPool-1 - Starting...
2022-09-16 18:42:08,110 INFO com.zaxxer.hikari.HikariDataSource [restartedMain] HikariPool-1 - Start completed.
2022-09-16 18:42:08,127 INFO org.hibernate.dialect.Dialect [restartedMain] HHH000400: Using dialect: org.hibernate.dialect.PostgreSQLDialect
2022-09-16 18:42:08,790 INFO org.hibernate.engine.transaction.jta.platform.internal.JtaPlatformInitiator [restartedMain] HHH000490: Using JtaPlatform implementation: [org.hibernate.engine.transaction.jta.platform.internal.NoJtaPlatform]
2022-09-16 18:42:08,798 INFO org.springframework.orm.jpa.AbstractEntityManagerFactoryBean [restartedMain] Initialized JPA EntityManagerFactory for persistence unit 'default'
2022-09-16 18:42:09,145 WARN org.springframework.boot.autoconfigure.orm.jpa.JpaBaseConfiguration$JpaWebConfiguration [restartedMain] spring.jpa.open-in-view is enabled by default. Therefore, database queries may be performed during view rendering. Explicitly configure spring.jpa.open-in-view to disable this warning
2022-09-16 18:42:09,514 INFO org.springframework.boot.devtools.autoconfigure.OptionalLiveReloadServer [restartedMain] LiveReload server is running on port 35729
2022-09-16 18:42:09,531 INFO org.apache.juli.logging.DirectJDKLog [restartedMain] Starting ProtocolHandler ["http-nio-8090"]
2022-09-16 18:42:09,561 INFO org.springframework.boot.web.embedded.tomcat.TomcatWebServer [restartedMain] Tomcat started on port(s): 8090 (http) with context path ''
2022-09-16 18:42:09,573 INFO org.springframework.boot.StartupInfoLogger [restartedMain] Started DataProcessorApplication in 3.625 seconds (JVM running for 4.492)
2022-09-16 18:42:27,090 INFO org.springframework.boot.admin.SpringApplicationAdminMXBeanRegistrar$SpringApplicationAdmin [RMI TCP Connection(6)-127.0.0.1] Application shutdown requested.
2022-09-16 18:42:27,101 INFO org.apache.juli.logging.DirectJDKLog [RMI TCP Connection(6)-127.0.0.1] Pausing ProtocolHandler ["http-nio-8090"]
2022-09-16 18:42:27,101 INFO org.apache.juli.logging.DirectJDKLog [RMI TCP Connection(6)-127.0.0.1] Stopping service [Tomcat]
2022-09-16 18:42:27,104 INFO org.apache.juli.logging.DirectJDKLog [RMI TCP Connection(6)-127.0.0.1] Stopping ProtocolHandler ["http-nio-8090"]
2022-09-16 18:42:27,107 INFO org.apache.juli.logging.DirectJDKLog [RMI TCP Connection(6)-127.0.0.1] Destroying ProtocolHandler ["http-nio-8090"]
2022-09-16 18:42:27,108 WARN org.springframework.beans.factory.annotation.InitDestroyAnnotationBeanPostProcessor [RMI TCP Connection(6)-127.0.0.1] Destroy method on bean with name 'appConfig' threw an exception: org.springframework.beans.factory.BeanCreationNotAllowedException: Error creating bean with name 'fileSystemWatcher': Singleton bean creation not allowed while singletons of this factory are in destruction (Do not request a bean from a BeanFactory in a destroy method implementation!)
2022-09-16 18:42:27,109 INFO org.springframework.orm.jpa.AbstractEntityManagerFactoryBean [RMI TCP Connection(6)-127.0.0.1] Closing JPA EntityManagerFactory for persistence unit 'default'
2022-09-16 18:42:27,111 INFO com.zaxxer.hikari.HikariDataSource [RMI TCP Connection(6)-127.0.0.1] HikariPool-1 - Shutdown initiated...
2022-09-16 18:42:27,115 INFO com.zaxxer.hikari.HikariDataSource [RMI TCP Connection(6)-127.0.0.1] HikariPool-1 - Shutdown completed.
2022-09-16 18:44:41,224 INFO org.springframework.test.context.support.AbstractTestContextBootstrapper [main] Neither @ContextConfiguration nor @ContextHierarchy found for test class [com.ogivetechnology.processor.DataProcessorApplicationTests], using SpringBootContextLoader
2022-09-16 18:44:41,229 INFO org.springframework.test.context.support.AbstractContextLoader [main] Could not detect default resource locations for test class [com.ogivetechnology.processor.DataProcessorApplicationTests]: no resource found for suffixes {-context.xml, Context.groovy}.
2022-09-16 18:44:41,230 INFO org.springframework.test.context.support.AnnotationConfigContextLoaderUtils [main] Could not detect default configuration classes for test class [com.ogivetechnology.processor.DataProcessorApplicationTests]: DataProcessorApplicationTests does not declare any static, non-private, non-final, nested classes annotated with @Configuration.
2022-09-16 18:44:41,328 INFO org.springframework.boot.test.context.SpringBootTestContextBootstrapper [main] Found @SpringBootConfiguration com.ogivetechnology.processor.DataProcessorApplication for test class com.ogivetechnology.processor.DataProcessorApplicationTests
2022-09-16 18:44:41,425 INFO org.springframework.test.context.support.AbstractTestContextBootstrapper [main] Loaded default TestExecutionListener class names from location [META-INF/spring.factories]: [org.springframework.boot.test.mock.mockito.MockitoTestExecutionListener, org.springframework.boot.test.mock.mockito.ResetMocksTestExecutionListener, org.springframework.boot.test.autoconfigure.restdocs.RestDocsTestExecutionListener, org.springframework.boot.test.autoconfigure.web.client.MockRestServiceServerResetTestExecutionListener, org.springframework.boot.test.autoconfigure.web.servlet.MockMvcPrintOnlyOnFailureTestExecutionListener, org.springframework.boot.test.autoconfigure.web.servlet.WebDriverTestExecutionListener, org.springframework.boot.test.autoconfigure.webservices.client.MockWebServiceServerTestExecutionListener, org.springframework.test.context.web.ServletTestExecutionListener, org.springframework.test.context.support.DirtiesContextBeforeModesTestExecutionListener, org.springframework.test.context.event.ApplicationEventsTestExecutionListener, org.springframework.test.context.support.DependencyInjectionTestExecutionListener, org.springframework.test.context.support.DirtiesContextTestExecutionListener, org.springframework.test.context.transaction.TransactionalTestExecutionListener, org.springframework.test.context.jdbc.SqlScriptsTestExecutionListener, org.springframework.test.context.event.EventPublishingTestExecutionListener]
2022-09-16 18:44:41,443 INFO org.springframework.test.context.support.AbstractTestContextBootstrapper [main] Using TestExecutionListeners: [org.springframework.test.context.web.ServletTestExecutionListener@77307458, org.springframework.test.context.support.DirtiesContextBeforeModesTestExecutionListener@1fc0053e, org.springframework.test.context.event.ApplicationEventsTestExecutionListener@290b1b2e, org.springframework.boot.test.mock.mockito.MockitoTestExecutionListener@47874b25, org.springframework.boot.test.autoconfigure.SpringBootDependencyInjectionTestExecutionListener@33617539, org.springframework.test.context.support.DirtiesContextTestExecutionListener@2c177f9e, org.springframework.test.context.transaction.TransactionalTestExecutionListener@5db4c359, org.springframework.test.context.jdbc.SqlScriptsTestExecutionListener@209775a9, org.springframework.test.context.event.EventPublishingTestExecutionListener@18e7143f, org.springframework.boot.test.mock.mockito.ResetMocksTestExecutionListener@f9b7332, org.springframework.boot.test.autoconfigure.restdocs.RestDocsTestExecutionListener@74cec793, org.springframework.boot.test.autoconfigure.web.client.MockRestServiceServerResetTestExecutionListener@6fefce9e, org.springframework.boot.test.autoconfigure.web.servlet.MockMvcPrintOnlyOnFailureTestExecutionListener@4f8969b0, org.springframework.boot.test.autoconfigure.web.servlet.WebDriverTestExecutionListener@1bdf8190, org.springframework.boot.test.autoconfigure.webservices.client.MockWebServiceServerTestExecutionListener@192f2f27]
2022-09-16 18:44:41,709 INFO org.springframework.boot.StartupInfoLogger [main] Starting DataProcessorApplicationTests using Java 15.0.2 on LAPTOP-DMTJRAFI with PID 21292 (started by Vishn in D:\Ogive\data-processor)
2022-09-16 18:44:41,710 INFO org.springframework.boot.SpringApplication [main] No active profile set, falling back to 1 default profile: "default"
2022-09-16 18:44:42,093 INFO org.springframework.data.repository.config.RepositoryConfigurationDelegate [main] Bootstrapping Spring Data JPA repositories in DEFAULT mode.
2022-09-16 18:44:42,131 INFO org.springframework.data.repository.config.RepositoryConfigurationDelegate [main] Finished Spring Data repository scanning in 31 ms. Found 1 JPA repository interfaces.
2022-09-16 18:44:42,758 INFO org.hibernate.jpa.internal.util.LogHelper [main] HHH000204: Processing PersistenceUnitInfo [name: default]
2022-09-16 18:44:42,801 INFO org.hibernate.Version [main] HHH000412: Hibernate ORM core version 5.6.10.Final
2022-09-16 18:44:42,960 INFO org.hibernate.annotations.common.reflection.java.JavaReflectionManager [main] HCANN000001: Hibernate Commons Annotations {5.1.2.Final}
2022-09-16 18:44:43,092 INFO com.zaxxer.hikari.HikariDataSource [main] HikariPool-1 - Starting...
2022-09-16 18:44:43,317 INFO com.zaxxer.hikari.HikariDataSource [main] HikariPool-1 - Start completed.
2022-09-16 18:44:43,336 INFO org.hibernate.dialect.Dialect [main] HHH000400: Using dialect: org.hibernate.dialect.PostgreSQLDialect
2022-09-16 18:44:44,037 INFO org.hibernate.engine.transaction.jta.platform.internal.JtaPlatformInitiator [main] HHH000490: Using JtaPlatform implementation: [org.hibernate.engine.transaction.jta.platform.internal.NoJtaPlatform]
2022-09-16 18:44:44,047 INFO org.springframework.orm.jpa.AbstractEntityManagerFactoryBean [main] Initialized JPA EntityManagerFactory for persistence unit 'default'
2022-09-16 18:44:44,682 WARN org.springframework.boot.autoconfigure.orm.jpa.JpaBaseConfiguration$JpaWebConfiguration [main] spring.jpa.open-in-view is enabled by default. Therefore, database queries may be performed during view rendering. Explicitly configure spring.jpa.open-in-view to disable this warning
2022-09-16 18:44:45,276 INFO org.springframework.boot.StartupInfoLogger [main] Started DataProcessorApplicationTests in 3.793 seconds (JVM running for 4.901)
2022-09-16 18:44:45,537 WARN org.springframework.beans.factory.annotation.InitDestroyAnnotationBeanPostProcessor [SpringApplicationShutdownHook] Destroy method on bean with name 'appConfig' threw an exception: org.springframework.beans.factory.BeanCreationNotAllowedException: Error creating bean with name 'fileSystemWatcher': Singleton bean creation not allowed while singletons of this factory are in destruction (Do not request a bean from a BeanFactory in a destroy method implementation!)
2022-09-16 18:44:45,538 INFO org.springframework.orm.jpa.AbstractEntityManagerFactoryBean [SpringApplicationShutdownHook] Closing JPA EntityManagerFactory for persistence unit 'default'
2022-09-16 18:44:45,539 INFO com.zaxxer.hikari.HikariDataSource [SpringApplicationShutdownHook] HikariPool-1 - Shutdown initiated...
2022-09-16 18:44:45,546 INFO com.zaxxer.hikari.HikariDataSource [SpringApplicationShutdownHook] HikariPool-1 - Shutdown completed.
2022-09-16 18:47:30,014 INFO org.springframework.test.context.support.AbstractTestContextBootstrapper [main] Neither @ContextConfiguration nor @ContextHierarchy found for test class [com.ogivetechnology.processor.DataProcessorApplicationTests], using SpringBootContextLoader
2022-09-16 18:47:30,023 INFO org.springframework.test.context.support.AbstractContextLoader [main] Could not detect default resource locations for test class [com.ogivetechnology.processor.DataProcessorApplicationTests]: no resource found for suffixes {-context.xml, Context.groovy}.
2022-09-16 18:47:30,025 INFO org.springframework.test.context.support.AnnotationConfigContextLoaderUtils [main] Could not detect default configuration classes for test class [com.ogivetechnology.processor.DataProcessorApplicationTests]: DataProcessorApplicationTests does not declare any static, non-private, non-final, nested classes annotated with @Configuration.
2022-09-16 18:47:30,201 INFO org.springframework.boot.test.context.SpringBootTestContextBootstrapper [main] Found @SpringBootConfiguration com.ogivetechnology.processor.DataProcessorApplication for test class com.ogivetechnology.processor.DataProcessorApplicationTests
2022-09-16 18:47:30,311 INFO org.springframework.test.context.support.AbstractTestContextBootstrapper [main] Loaded default TestExecutionListener class names from location [META-INF/spring.factories]: [org.springframework.boot.test.mock.mockito.MockitoTestExecutionListener, org.springframework.boot.test.mock.mockito.ResetMocksTestExecutionListener, org.springframework.boot.test.autoconfigure.restdocs.RestDocsTestExecutionListener, org.springframework.boot.test.autoconfigure.web.client.MockRestServiceServerResetTestExecutionListener, org.springframework.boot.test.autoconfigure.web.servlet.MockMvcPrintOnlyOnFailureTestExecutionListener, org.springframework.boot.test.autoconfigure.web.servlet.WebDriverTestExecutionListener, org.springframework.boot.test.autoconfigure.webservices.client.MockWebServiceServerTestExecutionListener, org.springframework.test.context.web.ServletTestExecutionListener, org.springframework.test.context.support.DirtiesContextBeforeModesTestExecutionListener, org.springframework.test.context.event.ApplicationEventsTestExecutionListener, org.springframework.test.context.support.DependencyInjectionTestExecutionListener, org.springframework.test.context.support.DirtiesContextTestExecutionListener, org.springframework.test.context.transaction.TransactionalTestExecutionListener, org.springframework.test.context.jdbc.SqlScriptsTestExecutionListener, org.springframework.test.context.event.EventPublishingTestExecutionListener]
2022-09-16 18:47:30,336 INFO org.springframework.test.context.support.AbstractTestContextBootstrapper [main] Using TestExecutionListeners: [org.springframework.test.context.web.ServletTestExecutionListener@51a9ad5e, org.springframework.test.context.support.DirtiesContextBeforeModesTestExecutionListener@5f20155b, org.springframework.test.context.event.ApplicationEventsTestExecutionListener@72ade7e3, org.springframework.boot.test.mock.mockito.MockitoTestExecutionListener@239105a8, org.springframework.boot.test.autoconfigure.SpringBootDependencyInjectionTestExecutionListener@3fce8fd9, org.springframework.test.context.support.DirtiesContextTestExecutionListener@609bcfb6, org.springframework.test.context.transaction.TransactionalTestExecutionListener@7d94beb9, org.springframework.test.context.jdbc.SqlScriptsTestExecutionListener@560348e6, org.springframework.test.context.event.EventPublishingTestExecutionListener@1df8b5b8, org.springframework.boot.test.mock.mockito.ResetMocksTestExecutionListener@23202fce, org.springframework.boot.test.autoconfigure.restdocs.RestDocsTestExecutionListener@7b993c65, org.springframework.boot.test.autoconfigure.web.client.MockRestServiceServerResetTestExecutionListener@37911f88, org.springframework.boot.test.autoconfigure.web.servlet.MockMvcPrintOnlyOnFailureTestExecutionListener@6f1c29b7, org.springframework.boot.test.autoconfigure.web.servlet.WebDriverTestExecutionListener@4d6025c5, org.springframework.boot.test.autoconfigure.webservices.client.MockWebServiceServerTestExecutionListener@7f284218]
2022-09-16 18:47:30,705 INFO org.springframework.boot.StartupInfoLogger [main] Starting DataProcessorApplicationTests using Java 1.8.0_291 on LAPTOP-DMTJRAFI with PID 21568 (started by Vishn in D:\Ogive\data-processor)
2022-09-16 18:47:30,708 INFO org.springframework.boot.SpringApplication [main] No active profile set, falling back to 1 default profile: "default"
2022-09-16 18:47:31,371 INFO org.springframework.data.repository.config.RepositoryConfigurationDelegate [main] Bootstrapping Spring Data JPA repositories in DEFAULT mode.
2022-09-16 18:47:31,468 INFO org.springframework.data.repository.config.RepositoryConfigurationDelegate [main] Finished Spring Data repository scanning in 80 ms. Found 1 JPA repository interfaces.
2022-09-16 18:47:32,414 INFO org.hibernate.jpa.internal.util.LogHelper [main] HHH000204: Processing PersistenceUnitInfo [name: default]
2022-09-16 18:47:32,490 INFO org.hibernate.Version [main] HHH000412: Hibernate ORM core version 5.6.10.Final
2022-09-16 18:47:32,773 INFO org.hibernate.annotations.common.reflection.java.JavaReflectionManager [main] HCANN000001: Hibernate Commons Annotations {5.1.2.Final}
2022-09-16 18:47:33,114 INFO com.zaxxer.hikari.HikariDataSource [main] HikariPool-1 - Starting...
2022-09-16 18:47:33,933 INFO com.zaxxer.hikari.HikariDataSource [main] HikariPool-1 - Start completed.
2022-09-16 18:47:33,967 INFO org.hibernate.dialect.Dialect [main] HHH000400: Using dialect: org.hibernate.dialect.PostgreSQLDialect
2022-09-16 18:47:35,450 INFO org.hibernate.engine.transaction.jta.platform.internal.JtaPlatformInitiator [main] HHH000490: Using JtaPlatform implementation: [org.hibernate.engine.transaction.jta.platform.internal.NoJtaPlatform]
2022-09-16 18:47:35,463 INFO org.springframework.orm.jpa.AbstractEntityManagerFactoryBean [main] Initialized JPA EntityManagerFactory for persistence unit 'default'
2022-09-16 18:47:36,354 WARN org.springframework.boot.autoconfigure.orm.jpa.JpaBaseConfiguration$JpaWebConfiguration [main] spring.jpa.open-in-view is enabled by default. Therefore, database queries may be performed during view rendering. Explicitly configure spring.jpa.open-in-view to disable this warning
2022-09-16 18:47:37,182 INFO org.springframework.boot.StartupInfoLogger [main] Started DataProcessorApplicationTests in 6.796 seconds (JVM running for 10.073)
2022-09-16 18:47:37,491 WARN org.springframework.beans.factory.annotation.InitDestroyAnnotationBeanPostProcessor [SpringApplicationShutdownHook] Destroy method on bean with name 'appConfig' threw an exception: org.springframework.beans.factory.BeanCreationNotAllowedException: Error creating bean with name 'fileSystemWatcher': Singleton bean creation not allowed while singletons of this factory are in destruction (Do not request a bean from a BeanFactory in a destroy method implementation!)
2022-09-16 18:47:37,492 INFO org.springframework.orm.jpa.AbstractEntityManagerFactoryBean [SpringApplicationShutdownHook] Closing JPA EntityManagerFactory for persistence unit 'default'
2022-09-16 18:47:37,494 INFO com.zaxxer.hikari.HikariDataSource [SpringApplicationShutdownHook] HikariPool-1 - Shutdown initiated...
2022-09-16 18:47:37,501 INFO com.zaxxer.hikari.HikariDataSource [SpringApplicationShutdownHook] HikariPool-1 - Shutdown completed.
2022-09-16 18:50:13,325 INFO org.springframework.test.context.support.AbstractTestContextBootstrapper [main] Neither @ContextConfiguration nor @ContextHierarchy found for test class [com.ogivetechnology.processor.DataProcessorApplicationTests], using SpringBootContextLoader
2022-09-16 18:50:13,404 INFO org.springframework.test.context.support.AbstractContextLoader [main] Could not detect default resource locations for test class [com.ogivetechnology.processor.DataProcessorApplicationTests]: no resource found for suffixes {-context.xml, Context.groovy}.
2022-09-16 18:50:13,405 INFO org.springframework.test.context.support.AnnotationConfigContextLoaderUtils [main] Could not detect default configuration classes for test class [com.ogivetechnology.processor.DataProcessorApplicationTests]: DataProcessorApplicationTests does not declare any static, non-private, non-final, nested classes annotated with @Configuration.
2022-09-16 18:50:13,559 INFO org.springframework.boot.test.context.SpringBootTestContextBootstrapper [main] Found @SpringBootConfiguration com.ogivetechnology.processor.DataProcessorApplication for test class com.ogivetechnology.processor.DataProcessorApplicationTests
2022-09-16 18:50:13,661 INFO org.springframework.test.context.support.AbstractTestContextBootstrapper [main] Loaded default TestExecutionListener class names from location [META-INF/spring.factories]: [org.springframework.boot.test.mock.mockito.MockitoTestExecutionListener, org.springframework.boot.test.mock.mockito.ResetMocksTestExecutionListener, org.springframework.boot.test.autoconfigure.restdocs.RestDocsTestExecutionListener, org.springframework.boot.test.autoconfigure.web.client.MockRestServiceServerResetTestExecutionListener, org.springframework.boot.test.autoconfigure.web.servlet.MockMvcPrintOnlyOnFailureTestExecutionListener, org.springframework.boot.test.autoconfigure.web.servlet.WebDriverTestExecutionListener, org.springframework.boot.test.autoconfigure.webservices.client.MockWebServiceServerTestExecutionListener, org.springframework.test.context.web.ServletTestExecutionListener, org.springframework.test.context.support.DirtiesContextBeforeModesTestExecutionListener, org.springframework.test.context.event.ApplicationEventsTestExecutionListener, org.springframework.test.context.support.DependencyInjectionTestExecutionListener, org.springframework.test.context.support.DirtiesContextTestExecutionListener, org.springframework.test.context.transaction.TransactionalTestExecutionListener, org.springframework.test.context.jdbc.SqlScriptsTestExecutionListener, org.springframework.test.context.event.EventPublishingTestExecutionListener]
2022-09-16 18:50:13,681 INFO org.springframework.test.context.support.AbstractTestContextBootstrapper [main] Using TestExecutionListeners: [org.springframework.test.context.web.ServletTestExecutionListener@3fce8fd9, org.springframework.test.context.support.DirtiesContextBeforeModesTestExecutionListener@609bcfb6, org.springframework.test.context.event.ApplicationEventsTestExecutionListener@7d94beb9, org.springframework.boot.test.mock.mockito.MockitoTestExecutionListener@560348e6, org.springframework.boot.test.autoconfigure.SpringBootDependencyInjectionTestExecutionListener@1df8b5b8, org.springframework.test.context.support.DirtiesContextTestExecutionListener@23202fce, org.springframework.test.context.transaction.TransactionalTestExecutionListener@7b993c65, org.springframework.test.context.jdbc.SqlScriptsTestExecutionListener@37911f88, org.springframework.test.context.event.EventPublishingTestExecutionListener@6f1c29b7, org.springframework.boot.test.mock.mockito.ResetMocksTestExecutionListener@4d6025c5, org.springframework.boot.test.autoconfigure.restdocs.RestDocsTestExecutionListener@7f284218, org.springframework.boot.test.autoconfigure.web.client.MockRestServiceServerResetTestExecutionListener@407a7f2a, org.springframework.boot.test.autoconfigure.web.servlet.MockMvcPrintOnlyOnFailureTestExecutionListener@4ea5b703, org.springframework.boot.test.autoconfigure.web.servlet.WebDriverTestExecutionListener@2a7ed1f, org.springframework.boot.test.autoconfigure.webservices.client.MockWebServiceServerTestExecutionListener@3fa247d1]
2022-09-16 18:50:14,085 INFO org.springframework.boot.StartupInfoLogger [main] Starting DataProcessorApplicationTests using Java 1.8.0_291 on LAPTOP-DMTJRAFI with PID 7992 (started by Vishn in D:\Ogive\data-processor)
2022-09-16 18:50:14,087 INFO org.springframework.boot.SpringApplication [main] No active profile set, falling back to 1 default profile: "default"
2022-09-16 18:50:14,601 INFO org.springframework.data.repository.config.RepositoryConfigurationDelegate [main] Bootstrapping Spring Data JPA repositories in DEFAULT mode.
2022-09-16 18:50:14,667 INFO org.springframework.data.repository.config.RepositoryConfigurationDelegate [main] Finished Spring Data repository scanning in 54 ms. Found 1 JPA repository interfaces.
2022-09-16 18:50:15,610 INFO org.hibernate.jpa.internal.util.LogHelper [main] HHH000204: Processing PersistenceUnitInfo [name: default]
2022-09-16 18:50:15,674 INFO org.hibernate.Version [main] HHH000412: Hibernate ORM core version 5.6.10.Final
2022-09-16 18:50:15,888 INFO org.hibernate.annotations.common.reflection.java.JavaReflectionManager [main] HCANN000001: Hibernate Commons Annotations {5.1.2.Final}
2022-09-16 18:50:16,219 INFO com.zaxxer.hikari.HikariDataSource [main] HikariPool-1 - Starting...
2022-09-16 18:50:16,987 INFO com.zaxxer.hikari.HikariDataSource [main] HikariPool-1 - Start completed.
2022-09-16 18:50:17,025 INFO org.hibernate.dialect.Dialect [main] HHH000400: Using dialect: org.hibernate.dialect.PostgreSQLDialect
2022-09-16 18:50:18,400 INFO org.hibernate.engine.transaction.jta.platform.internal.JtaPlatformInitiator [main] HHH000490: Using JtaPlatform implementation: [org.hibernate.engine.transaction.jta.platform.internal.NoJtaPlatform]
2022-09-16 18:50:18,415 INFO org.springframework.orm.jpa.AbstractEntityManagerFactoryBean [main] Initialized JPA EntityManagerFactory for persistence unit 'default'
2022-09-16 18:50:19,509 WARN org.springframework.boot.autoconfigure.orm.jpa.JpaBaseConfiguration$JpaWebConfiguration [main] spring.jpa.open-in-view is enabled by default. Therefore, database queries may be performed during view rendering. Explicitly configure spring.jpa.open-in-view to disable this warning
2022-09-16 18:50:20,452 INFO org.springframework.boot.StartupInfoLogger [main] Started DataProcessorApplicationTests in 6.726 seconds (JVM running for 8.369)
2022-09-16 18:50:20,762 WARN org.springframework.beans.factory.annotation.InitDestroyAnnotationBeanPostProcessor [SpringApplicationShutdownHook] Destroy method on bean with name 'appConfig' threw an exception: org.springframework.beans.factory.BeanCreationNotAllowedException: Error creating bean with name 'fileSystemWatcher': Singleton bean creation not allowed while singletons of this factory are in destruction (Do not request a bean from a BeanFactory in a destroy method implementation!)
2022-09-16 18:50:20,763 INFO org.springframework.orm.jpa.AbstractEntityManagerFactoryBean [SpringApplicationShutdownHook] Closing JPA EntityManagerFactory for persistence unit 'default'
2022-09-16 18:50:20,765 INFO com.zaxxer.hikari.HikariDataSource [SpringApplicationShutdownHook] HikariPool-1 - Shutdown initiated...
2022-09-16 18:50:20,787 INFO com.zaxxer.hikari.HikariDataSource [SpringApplicationShutdownHook] HikariPool-1 - Shutdown completed.
2022-09-16 19:06:42,540 INFO org.springframework.test.context.support.AbstractTestContextBootstrapper [main] Neither @ContextConfiguration nor @ContextHierarchy found for test class [com.ogivetechnology.processor.DataProcessorApplicationTests], using SpringBootContextLoader
2022-09-16 19:06:42,586 INFO org.springframework.test.context.support.AbstractContextLoader [main] Could not detect default resource locations for test class [com.ogivetechnology.processor.DataProcessorApplicationTests]: no resource found for suffixes {-context.xml, Context.groovy}.
2022-09-16 19:06:42,586 INFO org.springframework.test.context.support.AnnotationConfigContextLoaderUtils [main] Could not detect default configuration classes for test class [com.ogivetechnology.processor.DataProcessorApplicationTests]: DataProcessorApplicationTests does not declare any static, non-private, non-final, nested classes annotated with @Configuration.
2022-09-16 19:06:42,685 INFO org.springframework.boot.test.context.SpringBootTestContextBootstrapper [main] Found @SpringBootConfiguration com.ogivetechnology.processor.DataProcessorApplication for test class com.ogivetechnology.processor.DataProcessorApplicationTests
2022-09-16 19:06:42,770 INFO org.springframework.test.context.support.AbstractTestContextBootstrapper [main] Loaded default TestExecutionListener class names from location [META-INF/spring.factories]: [org.springframework.boot.test.mock.mockito.MockitoTestExecutionListener, org.springframework.boot.test.mock.mockito.ResetMocksTestExecutionListener, org.springframework.boot.test.autoconfigure.restdocs.RestDocsTestExecutionListener, org.springframework.boot.test.autoconfigure.web.client.MockRestServiceServerResetTestExecutionListener, org.springframework.boot.test.autoconfigure.web.servlet.MockMvcPrintOnlyOnFailureTestExecutionListener, org.springframework.boot.test.autoconfigure.web.servlet.WebDriverTestExecutionListener, org.springframework.boot.test.autoconfigure.webservices.client.MockWebServiceServerTestExecutionListener, org.springframework.test.context.web.ServletTestExecutionListener, org.springframework.test.context.support.DirtiesContextBeforeModesTestExecutionListener, org.springframework.test.context.event.ApplicationEventsTestExecutionListener, org.springframework.test.context.support.DependencyInjectionTestExecutionListener, org.springframework.test.context.support.DirtiesContextTestExecutionListener, org.springframework.test.context.transaction.TransactionalTestExecutionListener, org.springframework.test.context.jdbc.SqlScriptsTestExecutionListener, org.springframework.test.context.event.EventPublishingTestExecutionListener]
2022-09-16 19:06:42,786 INFO org.springframework.test.context.support.AbstractTestContextBootstrapper [main] Using TestExecutionListeners: [org.springframework.test.context.web.ServletTestExecutionListener@ec0c838, org.springframework.test.context.support.DirtiesContextBeforeModesTestExecutionListener@6e46d9f4, org.springframework.test.context.event.ApplicationEventsTestExecutionListener@5cc69cfe, org.springframework.boot.test.mock.mockito.MockitoTestExecutionListener@29cfd92b, org.springframework.boot.test.autoconfigure.SpringBootDependencyInjectionTestExecutionListener@21c64522, org.springframework.test.context.support.DirtiesContextTestExecutionListener@7997b197, org.springframework.test.context.transaction.TransactionalTestExecutionListener@11dee337, org.springframework.test.context.jdbc.SqlScriptsTestExecutionListener@460f76a6, org.springframework.test.context.event.EventPublishingTestExecutionListener@55f3c410, org.springframework.boot.test.mock.mockito.ResetMocksTestExecutionListener@11acdc30, org.springframework.boot.test.autoconfigure.restdocs.RestDocsTestExecutionListener@770d4269, org.springframework.boot.test.autoconfigure.web.client.MockRestServiceServerResetTestExecutionListener@4a8ab068, org.springframework.boot.test.autoconfigure.web.servlet.MockMvcPrintOnlyOnFailureTestExecutionListener@1922e6d, org.springframework.boot.test.autoconfigure.web.servlet.WebDriverTestExecutionListener@76a82f33, org.springframework.boot.test.autoconfigure.webservices.client.MockWebServiceServerTestExecutionListener@6bab2585]
2022-09-16 19:06:43,055 INFO org.springframework.boot.StartupInfoLogger [main] Starting DataProcessorApplicationTests using Java 15.0.2 on LAPTOP-DMTJRAFI with PID 24200 (started by Vishn in D:\Ogive\data-processor)
2022-09-16 19:06:43,056 INFO org.springframework.boot.SpringApplication [main] No active profile set, falling back to 1 default profile: "default"
2022-09-16 19:06:43,496 INFO org.springframework.data.repository.config.RepositoryConfigurationDelegate [main] Bootstrapping Spring Data JPA repositories in DEFAULT mode.
2022-09-16 19:06:43,548 INFO org.springframework.data.repository.config.RepositoryConfigurationDelegate [main] Finished Spring Data repository scanning in 41 ms. Found 1 JPA repository interfaces.
2022-09-16 19:06:44,156 INFO org.hibernate.jpa.internal.util.LogHelper [main] HHH000204: Processing PersistenceUnitInfo [name: default]
2022-09-16 19:06:44,219 INFO org.hibernate.Version [main] HHH000412: Hibernate ORM core version 5.6.10.Final
2022-09-16 19:06:44,344 INFO org.hibernate.annotations.common.reflection.java.JavaReflectionManager [main] HCANN000001: Hibernate Commons Annotations {5.1.2.Final}
2022-09-16 19:06:44,503 WARN com.zaxxer.hikari.HikariConfig [main] HikariPool-1 - maxLifetime is less than 30000ms, setting to default 1800000ms.
2022-09-16 19:06:44,505 WARN com.zaxxer.hikari.HikariConfig [main] HikariPool-1 - idleTimeout has been set but has no effect because the pool is operating as a fixed size pool.
2022-09-16 19:06:44,506 INFO com.zaxxer.hikari.HikariDataSource [main] HikariPool-1 - Starting...
2022-09-16 19:06:44,784 INFO com.zaxxer.hikari.HikariDataSource [main] HikariPool-1 - Start completed.
2022-09-16 19:06:44,811 INFO org.hibernate.dialect.Dialect [main] HHH000400: Using dialect: org.hibernate.dialect.PostgreSQLDialect
2022-09-16 19:06:45,788 INFO org.hibernate.engine.transaction.jta.platform.internal.JtaPlatformInitiator [main] HHH000490: Using JtaPlatform implementation: [org.hibernate.engine.transaction.jta.platform.internal.NoJtaPlatform]
2022-09-16 19:06:45,798 INFO org.springframework.orm.jpa.AbstractEntityManagerFactoryBean [main] Initialized JPA EntityManagerFactory for persistence unit 'default'
2022-09-16 19:06:46,496 WARN org.springframework.boot.autoconfigure.orm.jpa.JpaBaseConfiguration$JpaWebConfiguration [main] spring.jpa.open-in-view is enabled by default. Therefore, database queries may be performed during view rendering. Explicitly configure spring.jpa.open-in-view to disable this warning
2022-09-16 19:06:47,115 INFO org.springframework.boot.StartupInfoLogger [main] Started DataProcessorApplicationTests in 4.292 seconds (JVM running for 6.75)
2022-09-16 19:06:47,326 WARN org.springframework.beans.factory.annotation.InitDestroyAnnotationBeanPostProcessor [SpringApplicationShutdownHook] Destroy method on bean with name 'appConfig' threw an exception: org.springframework.beans.factory.BeanCreationNotAllowedException: Error creating bean with name 'fileSystemWatcher': Singleton bean creation not allowed while singletons of this factory are in destruction (Do not request a bean from a BeanFactory in a destroy method implementation!)
2022-09-16 19:06:47,327 INFO org.springframework.orm.jpa.AbstractEntityManagerFactoryBean [SpringApplicationShutdownHook] Closing JPA EntityManagerFactory for persistence unit 'default'
2022-09-16 19:06:47,329 INFO com.zaxxer.hikari.HikariDataSource [SpringApplicationShutdownHook] HikariPool-1 - Shutdown initiated...
2022-09-16 19:06:47,333 INFO com.zaxxer.hikari.HikariDataSource [SpringApplicationShutdownHook] HikariPool-1 - Shutdown completed.
2022-09-16 19:10:12,223 INFO org.springframework.boot.StartupInfoLogger [restartedMain] Starting DataProcessorApplication using Java 15.0.2 on LAPTOP-DMTJRAFI with PID 20120 (D:\Ogive\data-processor\target\classes started by Vishn in D:\Ogive\data-processor)
2022-09-16 19:10:12,225 INFO org.springframework.boot.SpringApplication [restartedMain] No active profile set, falling back to 1 default profile: "default"
2022-09-16 19:10:12,263 INFO org.springframework.boot.logging.DeferredLog [restartedMain] Devtools property defaults active! Set 'spring.devtools.add-properties' to 'false' to disable
2022-09-16 19:10:12,263 INFO org.springframework.boot.logging.DeferredLog [restartedMain] For additional web related logging consider setting the 'logging.level.web' property to 'DEBUG'
2022-09-16 19:10:12,552 INFO org.springframework.data.repository.config.RepositoryConfigurationDelegate [restartedMain] Bootstrapping Spring Data JPA repositories in DEFAULT mode.
2022-09-16 19:10:12,582 INFO org.springframework.data.repository.config.RepositoryConfigurationDelegate [restartedMain] Finished Spring Data repository scanning in 23 ms. Found 1 JPA repository interfaces.
2022-09-16 19:10:13,054 INFO org.springframework.boot.web.embedded.tomcat.TomcatWebServer [restartedMain] Tomcat initialized with port(s): 8090 (http)
2022-09-16 19:10:13,062 INFO org.apache.juli.logging.DirectJDKLog [restartedMain] Initializing ProtocolHandler ["http-nio-8090"]
2022-09-16 19:10:13,063 INFO org.apache.juli.logging.DirectJDKLog [restartedMain] Starting service [Tomcat]
2022-09-16 19:10:13,063 INFO org.apache.juli.logging.DirectJDKLog [restartedMain] Starting Servlet engine: [Apache Tomcat/9.0.65]
2022-09-16 19:10:13,232 INFO org.apache.juli.logging.DirectJDKLog [restartedMain] Initializing Spring embedded WebApplicationContext
2022-09-16 19:10:13,232 INFO org.springframework.boot.web.servlet.context.ServletWebServerApplicationContext [restartedMain] Root WebApplicationContext: initialization completed in 968 ms
2022-09-16 19:10:13,370 INFO org.hibernate.jpa.internal.util.LogHelper [restartedMain] HHH000204: Processing PersistenceUnitInfo [name: default]
2022-09-16 19:10:13,427 INFO org.hibernate.Version [restartedMain] HHH000412: Hibernate ORM core version 5.6.10.Final
2022-09-16 19:10:13,586 INFO org.hibernate.annotations.common.reflection.java.JavaReflectionManager [restartedMain] HCANN000001: Hibernate Commons Annotations {5.1.2.Final}
2022-09-16 19:10:13,679 WARN com.zaxxer.hikari.HikariConfig [restartedMain] data-processorPool - maxLifetime is less than 30000ms, setting to default 1800000ms.
2022-09-16 19:10:13,680 WARN com.zaxxer.hikari.HikariConfig [restartedMain] data-processorPool - idleTimeout has been set but has no effect because the pool is operating as a fixed size pool.
2022-09-16 19:10:13,680 INFO com.zaxxer.hikari.HikariDataSource [restartedMain] data-processorPool - Starting...
2022-09-16 19:10:13,818 INFO com.zaxxer.hikari.HikariDataSource [restartedMain] data-processorPool - Start completed.
2022-09-16 19:10:13,836 INFO org.hibernate.dialect.Dialect [restartedMain] HHH000400: Using dialect: org.hibernate.dialect.PostgreSQLDialect
2022-09-16 19:10:14,449 INFO org.hibernate.engine.transaction.jta.platform.internal.JtaPlatformInitiator [restartedMain] HHH000490: Using JtaPlatform implementation: [org.hibernate.engine.transaction.jta.platform.internal.NoJtaPlatform]
2022-09-16 19:10:14,455 INFO org.springframework.orm.jpa.AbstractEntityManagerFactoryBean [restartedMain] Initialized JPA EntityManagerFactory for persistence unit 'default'
2022-09-16 19:10:14,692 WARN org.springframework.boot.autoconfigure.orm.jpa.JpaBaseConfiguration$JpaWebConfiguration [restartedMain] spring.jpa.open-in-view is enabled by default. Therefore, database queries may be performed during view rendering. Explicitly configure spring.jpa.open-in-view to disable this warning
2022-09-16 19:10:14,967 INFO org.springframework.boot.devtools.autoconfigure.OptionalLiveReloadServer [restartedMain] LiveReload server is running on port 35729
2022-09-16 19:10:14,981 INFO org.apache.juli.logging.DirectJDKLog [restartedMain] Starting ProtocolHandler ["http-nio-8090"]
2022-09-16 19:10:15,007 INFO org.springframework.boot.web.embedded.tomcat.TomcatWebServer [restartedMain] Tomcat started on port(s): 8090 (http) with context path ''
2022-09-16 19:10:15,018 INFO org.springframework.boot.StartupInfoLogger [restartedMain] Started DataProcessorApplication in 3.02 seconds (JVM running for 3.794)
2022-09-16 19:12:33,136 INFO org.springframework.boot.admin.SpringApplicationAdminMXBeanRegistrar$SpringApplicationAdmin [RMI TCP Connection(12)-127.0.0.1] Application shutdown requested.
2022-09-16 19:12:33,146 INFO org.apache.juli.logging.DirectJDKLog [RMI TCP Connection(12)-127.0.0.1] Pausing ProtocolHandler ["http-nio-8090"]
2022-09-16 19:12:33,146 INFO org.apache.juli.logging.DirectJDKLog [RMI TCP Connection(12)-127.0.0.1] Stopping service [Tomcat]
2022-09-16 19:12:33,149 INFO org.apache.juli.logging.DirectJDKLog [RMI TCP Connection(12)-127.0.0.1] Stopping ProtocolHandler ["http-nio-8090"]
2022-09-16 19:12:33,151 INFO org.apache.juli.logging.DirectJDKLog [RMI TCP Connection(12)-127.0.0.1] Destroying ProtocolHandler ["http-nio-8090"]
2022-09-16 19:12:33,153 WARN org.springframework.beans.factory.annotation.InitDestroyAnnotationBeanPostProcessor [RMI TCP Connection(12)-127.0.0.1] Destroy method on bean with name 'appConfig' threw an exception: org.springframework.beans.factory.BeanCreationNotAllowedException: Error creating bean with name 'fileSystemWatcher': Singleton bean creation not allowed while singletons of this factory are in destruction (Do not request a bean from a BeanFactory in a destroy method implementation!)
2022-09-16 19:12:33,154 INFO org.springframework.orm.jpa.AbstractEntityManagerFactoryBean [RMI TCP Connection(12)-127.0.0.1] Closing JPA EntityManagerFactory for persistence unit 'default'
2022-09-16 19:12:33,156 INFO com.zaxxer.hikari.HikariDataSource [RMI TCP Connection(12)-127.0.0.1] data-processorPool - Shutdown initiated...
2022-09-16 19:12:33,158 INFO com.zaxxer.hikari.HikariDataSource [RMI TCP Connection(12)-127.0.0.1] data-processorPool - Shutdown completed.
2022-09-16 19:13:06,491 INFO org.springframework.boot.StartupInfoLogger [restartedMain] Starting DataProcessorApplication using Java 15.0.2 on LAPTOP-DMTJRAFI with PID 11832 (D:\Ogive\data-processor\target\classes started by Vishn in D:\Ogive\data-processor)
2022-09-16 19:13:06,493 INFO org.springframework.boot.SpringApplication [restartedMain] No active profile set, falling back to 1 default profile: "default"
2022-09-16 19:13:06,527 INFO org.springframework.boot.logging.DeferredLog [restartedMain] Devtools property defaults active! Set 'spring.devtools.add-properties' to 'false' to disable
2022-09-16 19:13:06,527 INFO org.springframework.boot.logging.DeferredLog [restartedMain] For additional web related logging consider setting the 'logging.level.web' property to 'DEBUG'
2022-09-16 19:13:06,814 INFO org.springframework.data.repository.config.RepositoryConfigurationDelegate [restartedMain] Bootstrapping Spring Data JPA repositories in DEFAULT mode.
2022-09-16 19:13:06,844 INFO org.springframework.data.repository.config.RepositoryConfigurationDelegate [restartedMain] Finished Spring Data repository scanning in 24 ms. Found 1 JPA repository interfaces.
2022-09-16 19:13:07,322 INFO org.springframework.boot.web.embedded.tomcat.TomcatWebServer [restartedMain] Tomcat initialized with port(s): 8090 (http)
2022-09-16 19:13:07,328 INFO org.apache.juli.logging.DirectJDKLog [restartedMain] Initializing ProtocolHandler ["http-nio-8090"]
2022-09-16 19:13:07,328 INFO org.apache.juli.logging.DirectJDKLog [restartedMain] Starting service [Tomcat]
2022-09-16 19:13:07,328 INFO org.apache.juli.logging.DirectJDKLog [restartedMain] Starting Servlet engine: [Apache Tomcat/9.0.65]
2022-09-16 19:13:07,520 INFO org.apache.juli.logging.DirectJDKLog [restartedMain] Initializing Spring embedded WebApplicationContext
2022-09-16 19:13:07,521 INFO org.springframework.boot.web.servlet.context.ServletWebServerApplicationContext [restartedMain] Root WebApplicationContext: initialization completed in 993 ms
2022-09-16 19:13:07,637 INFO org.hibernate.jpa.internal.util.LogHelper [restartedMain] HHH000204: Processing PersistenceUnitInfo [name: default]
2022-09-16 19:13:07,668 INFO org.hibernate.Version [restartedMain] HHH000412: Hibernate ORM core version 5.6.10.Final
2022-09-16 19:13:07,774 INFO org.hibernate.annotations.common.reflection.java.JavaReflectionManager [restartedMain] HCANN000001: Hibernate Commons Annotations {5.1.2.Final}
2022-09-16 19:13:07,840 WARN com.zaxxer.hikari.HikariConfig [restartedMain] data-processorPool - maxLifetime is less than 30000ms, setting to default 1800000ms.
2022-09-16 19:13:07,841 INFO com.zaxxer.hikari.HikariDataSource [restartedMain] data-processorPool - Starting...
2022-09-16 19:13:08,003 INFO com.zaxxer.hikari.HikariDataSource [restartedMain] data-processorPool - Start completed.
2022-09-16 19:13:08,017 INFO org.hibernate.dialect.Dialect [restartedMain] HHH000400: Using dialect: org.hibernate.dialect.PostgreSQLDialect
2022-09-16 19:13:08,595 INFO org.hibernate.engine.transaction.jta.platform.internal.JtaPlatformInitiator [restartedMain] HHH000490: Using JtaPlatform implementation: [org.hibernate.engine.transaction.jta.platform.internal.NoJtaPlatform]
2022-09-16 19:13:08,603 INFO org.springframework.orm.jpa.AbstractEntityManagerFactoryBean [restartedMain] Initialized JPA EntityManagerFactory for persistence unit 'default'
2022-09-16 19:13:08,886 WARN org.springframework.boot.autoconfigure.orm.jpa.JpaBaseConfiguration$JpaWebConfiguration [restartedMain] spring.jpa.open-in-view is enabled by default. Therefore, database queries may be performed during view rendering. Explicitly configure spring.jpa.open-in-view to disable this warning
2022-09-16 19:13:09,171 INFO org.springframework.boot.devtools.autoconfigure.OptionalLiveReloadServer [restartedMain] LiveReload server is running on port 35729
2022-09-16 19:13:09,185 INFO org.apache.juli.logging.DirectJDKLog [restartedMain] Starting ProtocolHandler ["http-nio-8090"]
2022-09-16 19:13:09,209 INFO org.springframework.boot.web.embedded.tomcat.TomcatWebServer [restartedMain] Tomcat started on port(s): 8090 (http) with context path ''
2022-09-16 19:13:09,218 INFO org.springframework.boot.StartupInfoLogger [restartedMain] Started DataProcessorApplication in 2.96 seconds (JVM running for 3.691)
2022-09-16 19:14:01,673 INFO org.springframework.boot.admin.SpringApplicationAdminMXBeanRegistrar$SpringApplicationAdmin [RMI TCP Connection(10)-127.0.0.1] Application shutdown requested.
2022-09-16 19:14:01,684 INFO org.apache.juli.logging.DirectJDKLog [RMI TCP Connection(10)-127.0.0.1] Pausing ProtocolHandler ["http-nio-8090"]
2022-09-16 19:14:01,684 INFO org.apache.juli.logging.DirectJDKLog [RMI TCP Connection(10)-127.0.0.1] Stopping service [Tomcat]
2022-09-16 19:14:01,688 INFO org.apache.juli.logging.DirectJDKLog [RMI TCP Connection(10)-127.0.0.1] Stopping ProtocolHandler ["http-nio-8090"]
2022-09-16 19:14:01,690 INFO org.apache.juli.logging.DirectJDKLog [RMI TCP Connection(10)-127.0.0.1] Destroying ProtocolHandler ["http-nio-8090"]
2022-09-16 19:14:01,692 WARN org.springframework.beans.factory.annotation.InitDestroyAnnotationBeanPostProcessor [RMI TCP Connection(10)-127.0.0.1] Destroy method on bean with name 'appConfig' threw an exception: org.springframework.beans.factory.BeanCreationNotAllowedException: Error creating bean with name 'fileSystemWatcher': Singleton bean creation not allowed while singletons of this factory are in destruction (Do not request a bean from a BeanFactory in a destroy method implementation!)
2022-09-16 19:14:01,692 INFO org.springframework.orm.jpa.AbstractEntityManagerFactoryBean [RMI TCP Connection(10)-127.0.0.1] Closing JPA EntityManagerFactory for persistence unit 'default'
2022-09-16 19:14:01,694 INFO com.zaxxer.hikari.HikariDataSource [RMI TCP Connection(10)-127.0.0.1] data-processorPool - Shutdown initiated...
2022-09-16 19:14:01,696 INFO com.zaxxer.hikari.HikariDataSource [RMI TCP Connection(10)-127.0.0.1] data-processorPool - Shutdown completed.
